2025-02-09 19:12:30,892 [WARNING] POSE_ANALYSIS - No GPU devices found. Running on CPU.
2025-02-09 19:12:30,919 [INFO] POSE_ANALYSIS - Using GPU: NVIDIA GeForce GTX 1050 Ti
2025-02-09 19:12:31,202 [INFO] POSE_ANALYSIS - YOLO model for squat loaded successfully from D:\project_Main\modles\yolov8_squat_model\weights\best.pt
2025-02-09 19:12:31,888 [ERROR] POSE_ANALYSIS - Error loading YOLO model for bicep-curl: [Errno 2] No such file or directory: 'D:\\project_Main\\modles\\best.pt'
2025-02-09 19:12:31,944 [INFO] POSE_ANALYSIS - YOLO model for shoulder-press loaded successfully from D:\project_Main\modles\yolov8_shoulder_model\weights\best.pt
2025-02-09 19:12:31,999 [INFO] POSE_ANALYSIS - YOLO model for push-up loaded successfully from D:\project_Main\modles\push-up_model\weights\pushup_best.pt
2025-02-09 19:12:32,057 [INFO] POSE_ANALYSIS - YOLO model for pull-up loaded successfully from D:\project_Main\modles\best_pullup.pt
2025-02-09 19:12:32,064 [INFO] POSE_ANALYSIS - Active threads: ['MainThread', 'ThreadMonitor']
2025-02-09 19:12:37,072 [INFO] POSE_ANALYSIS - Active threads: ['MainThread', 'ThreadMonitor']
2025-02-09 19:21:56,976 [WARNING] POSE_ANALYSIS - No GPU devices found. Running on CPU.
2025-02-09 19:21:57,008 [INFO] POSE_ANALYSIS - Using GPU: NVIDIA GeForce GTX 1050 Ti
2025-02-09 19:21:57,408 [INFO] POSE_ANALYSIS - YOLO model for squat loaded successfully from D:\project_Main\modles\yolov8_squat_model\weights\best.pt
2025-02-09 19:21:58,059 [ERROR] POSE_ANALYSIS - Error loading YOLO model for bicep-curl: [Errno 2] No such file or directory: 'D:\\project_Main\\modles\\best.pt'
2025-02-09 19:21:58,208 [INFO] POSE_ANALYSIS - YOLO model for shoulder-press loaded successfully from D:\project_Main\modles\yolov8_shoulder_model\weights\best.pt
2025-02-09 19:21:58,331 [INFO] POSE_ANALYSIS - YOLO model for push-up loaded successfully from D:\project_Main\modles\push-up_model\weights\pushup_best.pt
2025-02-09 19:21:58,440 [INFO] POSE_ANALYSIS - YOLO model for pull-up loaded successfully from D:\project_Main\modles\best_pullup.pt
2025-02-09 19:21:58,447 [INFO] POSE_ANALYSIS - Active threads: ['MainThread', 'ThreadMonitor']
2025-02-09 19:22:03,443 [INFO] POSE_ANALYSIS - Active threads: ['MainThread', 'ThreadMonitor', 'AngleStatistics']
2025-02-09 19:22:03,517 [WARNING] POSE_ANALYSIS - 队列空，等待新帧...
2025-02-09 19:22:08,436 [INFO] POSE_ANALYSIS - Active threads: ['MainThread', 'ThreadMonitor', 'AngleStatistics']
2025-02-09 19:22:08,515 [WARNING] POSE_ANALYSIS - 队列空，等待新帧...
2025-02-09 19:22:13,446 [INFO] POSE_ANALYSIS - Active threads: ['MainThread', 'ThreadMonitor', 'AngleStatistics']
2025-02-09 19:22:13,523 [WARNING] POSE_ANALYSIS - 队列空，等待新帧...
2025-02-09 19:22:18,446 [INFO] POSE_ANALYSIS - Active threads: ['MainThread', 'ThreadMonitor', 'AngleStatistics']
2025-02-09 19:22:18,523 [WARNING] POSE_ANALYSIS - 队列空，等待新帧...
2025-02-09 19:22:25,065 [INFO] POSE_ANALYSIS - Active threads: ['MainThread', 'ThreadMonitor', 'AngleStatistics', 'VideoCapture']
2025-02-09 19:22:25,065 [WARNING] POSE_ANALYSIS - 队列空，等待新帧...
2025-02-09 19:22:31,436 [INFO] POSE_ANALYSIS - Started thread: VideoCapture
2025-02-09 19:22:31,437 [WARNING] POSE_ANALYSIS - 队列空，等待新帧...
2025-02-09 19:22:31,437 [INFO] POSE_ANALYSIS - Active threads: ['MainThread', 'ThreadMonitor', 'AngleStatistics', 'VideoCapture', 'FrameProcessing']
2025-02-09 19:22:31,437 [DEBUG] POSE_ANALYSIS - 🔄 正在处理第 0 帧...
2025-02-09 19:22:33,497 [INFO] POSE_ANALYSIS - Started thread: FrameProcessing
2025-02-09 19:22:33,771 [INFO] POSE_ANALYSIS - Started thread: BufferCleanup
2025-02-09 19:22:33,771 [INFO] POSE_ANALYSIS - ✅ 啟動 squat 模型進行即時偵測
2025-02-09 19:22:33,798 [DEBUG] POSE_ANALYSIS - 🔄 正在处理第 0 帧...
2025-02-09 19:22:34,060 [DEBUG] POSE_ANALYSIS - 🔄 正在处理第 0 帧...
2025-02-09 19:22:34,158 [DEBUG] POSE_ANALYSIS - 🔄 正在处理第 0 帧...
2025-02-09 19:22:34,288 [DEBUG] POSE_ANALYSIS - 🔄 正在处理第 0 帧...
2025-02-09 19:22:34,379 [DEBUG] POSE_ANALYSIS - 🔄 正在处理第 0 帧...
2025-02-09 19:22:34,458 [DEBUG] POSE_ANALYSIS - 🔄 正在处理第 0 帧...
2025-02-09 19:22:34,541 [DEBUG] POSE_ANALYSIS - 🔄 正在处理第 0 帧...
2025-02-09 19:22:34,698 [DEBUG] POSE_ANALYSIS - 🔄 正在处理第 0 帧...
2025-02-09 19:22:34,785 [DEBUG] POSE_ANALYSIS - 🔄 正在处理第 0 帧...
2025-02-09 19:22:34,875 [DEBUG] POSE_ANALYSIS - 🔄 正在处理第 0 帧...
2025-02-09 19:22:34,957 [DEBUG] POSE_ANALYSIS - 🔄 正在处理第 0 帧...
2025-02-09 19:22:35,043 [DEBUG] POSE_ANALYSIS - 🔄 正在处理第 0 帧...
2025-02-09 19:22:35,126 [DEBUG] POSE_ANALYSIS - 🔄 正在处理第 0 帧...
2025-02-09 19:22:35,213 [DEBUG] POSE_ANALYSIS - 🔄 正在处理第 0 帧...
2025-02-09 19:22:35,296 [DEBUG] POSE_ANALYSIS - 🔄 正在处理第 0 帧...
2025-02-09 19:22:35,379 [DEBUG] POSE_ANALYSIS - 🔄 正在处理第 0 帧...
2025-02-09 19:22:35,466 [DEBUG] POSE_ANALYSIS - 🔄 正在处理第 0 帧...
2025-02-09 19:22:35,549 [DEBUG] POSE_ANALYSIS - 🔄 正在处理第 0 帧...
2025-02-09 19:22:35,630 [DEBUG] POSE_ANALYSIS - 🔄 正在处理第 0 帧...
2025-02-09 19:22:35,723 [DEBUG] POSE_ANALYSIS - 🔄 正在处理第 0 帧...
2025-02-09 19:22:35,804 [DEBUG] POSE_ANALYSIS - 🔄 正在处理第 0 帧...
2025-02-09 19:22:35,884 [DEBUG] POSE_ANALYSIS - 🔄 正在处理第 0 帧...
2025-02-09 19:22:35,970 [DEBUG] POSE_ANALYSIS - 🔄 正在处理第 0 帧...
2025-02-09 19:22:36,069 [DEBUG] POSE_ANALYSIS - 🔄 正在处理第 0 帧...
2025-02-09 19:22:36,164 [DEBUG] POSE_ANALYSIS - 🔄 正在处理第 0 帧...
2025-02-09 19:22:36,257 [DEBUG] POSE_ANALYSIS - 🔄 正在处理第 0 帧...
2025-02-09 19:22:36,347 [DEBUG] POSE_ANALYSIS - 🔄 正在处理第 0 帧...
2025-02-09 19:22:36,433 [DEBUG] POSE_ANALYSIS - 🔄 正在处理第 0 帧...
2025-02-09 19:22:36,512 [INFO] POSE_ANALYSIS - Active threads: ['MainThread', 'ThreadMonitor', 'AngleStatistics', 'VideoCapture', 'FrameProcessing', 'BufferCleanup']
2025-02-09 19:22:36,513 [WARNING] POSE_ANALYSIS - 队列空，等待新帧...
2025-02-09 19:22:36,521 [DEBUG] POSE_ANALYSIS - 🔄 正在处理第 0 帧...
2025-02-09 19:22:36,609 [DEBUG] POSE_ANALYSIS - 🔄 正在处理第 0 帧...
2025-02-09 19:22:36,698 [DEBUG] POSE_ANALYSIS - 🔄 正在处理第 0 帧...
2025-02-09 19:22:36,783 [DEBUG] POSE_ANALYSIS - 🔄 正在处理第 0 帧...
2025-02-09 19:22:36,866 [DEBUG] POSE_ANALYSIS - 🔄 正在处理第 0 帧...
2025-02-09 19:22:36,949 [DEBUG] POSE_ANALYSIS - 🔄 正在处理第 0 帧...
2025-02-09 19:22:37,025 [DEBUG] POSE_ANALYSIS - 🔄 正在处理第 0 帧...
2025-02-09 19:22:37,104 [DEBUG] POSE_ANALYSIS - 🔄 正在处理第 0 帧...
2025-02-09 19:22:37,176 [DEBUG] POSE_ANALYSIS - 🔄 正在处理第 0 帧...
2025-02-09 19:22:37,249 [DEBUG] POSE_ANALYSIS - 🔄 正在处理第 0 帧...
2025-02-09 19:22:37,324 [DEBUG] POSE_ANALYSIS - 🔄 正在处理第 0 帧...
2025-02-09 19:22:37,394 [DEBUG] POSE_ANALYSIS - 🔄 正在处理第 0 帧...
2025-02-09 19:22:37,465 [DEBUG] POSE_ANALYSIS - 🔄 正在处理第 0 帧...
2025-02-09 19:22:37,536 [DEBUG] POSE_ANALYSIS - 🔄 正在处理第 0 帧...
2025-02-09 19:22:37,608 [DEBUG] POSE_ANALYSIS - 🔄 正在处理第 0 帧...
2025-02-09 19:22:37,692 [DEBUG] POSE_ANALYSIS - 🔄 正在处理第 0 帧...
2025-02-09 19:22:37,763 [DEBUG] POSE_ANALYSIS - 🔄 正在处理第 0 帧...
2025-02-09 19:22:37,832 [DEBUG] POSE_ANALYSIS - 🔄 正在处理第 0 帧...
2025-02-09 19:22:37,902 [DEBUG] POSE_ANALYSIS - 🔄 正在处理第 0 帧...
2025-02-09 19:22:37,971 [DEBUG] POSE_ANALYSIS - 🔄 正在处理第 0 帧...
2025-02-09 19:22:38,039 [DEBUG] POSE_ANALYSIS - 🔄 正在处理第 0 帧...
2025-02-09 19:22:38,105 [DEBUG] POSE_ANALYSIS - 🔄 正在处理第 0 帧...
2025-02-09 19:22:38,169 [DEBUG] POSE_ANALYSIS - 🔄 正在处理第 0 帧...
2025-02-09 19:22:38,232 [DEBUG] POSE_ANALYSIS - 🔄 正在处理第 0 帧...
2025-02-09 19:22:38,300 [DEBUG] POSE_ANALYSIS - 🔄 正在处理第 0 帧...
2025-02-09 19:22:38,372 [DEBUG] POSE_ANALYSIS - 🔄 正在处理第 0 帧...
2025-02-09 19:22:38,443 [DEBUG] POSE_ANALYSIS - 🔄 正在处理第 0 帧...
2025-02-09 19:22:38,513 [DEBUG] POSE_ANALYSIS - 🔄 正在处理第 0 帧...
2025-02-09 19:22:38,582 [DEBUG] POSE_ANALYSIS - 🔄 正在处理第 0 帧...
2025-02-09 19:22:38,652 [DEBUG] POSE_ANALYSIS - 🔄 正在处理第 0 帧...
2025-02-09 19:22:38,720 [DEBUG] POSE_ANALYSIS - 🔄 正在处理第 0 帧...
2025-02-09 19:22:38,783 [DEBUG] POSE_ANALYSIS - 🔄 正在处理第 0 帧...
2025-02-09 19:22:38,847 [DEBUG] POSE_ANALYSIS - 🔄 正在处理第 0 帧...
2025-02-09 19:22:38,919 [DEBUG] POSE_ANALYSIS - 🔄 正在处理第 0 帧...
2025-02-09 19:22:38,982 [DEBUG] POSE_ANALYSIS - 🔄 正在处理第 0 帧...
2025-02-09 19:22:39,045 [DEBUG] POSE_ANALYSIS - 🔄 正在处理第 0 帧...
2025-02-09 19:22:39,108 [DEBUG] POSE_ANALYSIS - 🔄 正在处理第 0 帧...
2025-02-09 19:22:39,173 [DEBUG] POSE_ANALYSIS - 🔄 正在处理第 0 帧...
2025-02-09 19:22:39,240 [DEBUG] POSE_ANALYSIS - 🔄 正在处理第 0 帧...
2025-02-09 19:22:39,322 [DEBUG] POSE_ANALYSIS - 🔄 正在处理第 0 帧...
2025-02-09 19:22:39,388 [DEBUG] POSE_ANALYSIS - 🔄 正在处理第 0 帧...
2025-02-09 19:22:39,453 [DEBUG] POSE_ANALYSIS - 🔄 正在处理第 0 帧...
2025-02-09 19:22:39,517 [DEBUG] POSE_ANALYSIS - 🔄 正在处理第 0 帧...
2025-02-09 19:22:39,581 [DEBUG] POSE_ANALYSIS - 🔄 正在处理第 0 帧...
2025-02-09 19:22:39,645 [DEBUG] POSE_ANALYSIS - 🔄 正在处理第 0 帧...
2025-02-09 19:22:39,706 [DEBUG] POSE_ANALYSIS - 🔄 正在处理第 0 帧...
2025-02-09 19:22:39,769 [DEBUG] POSE_ANALYSIS - 🔄 正在处理第 0 帧...
2025-02-09 19:22:39,829 [DEBUG] POSE_ANALYSIS - 🔄 正在处理第 0 帧...
2025-02-09 19:22:39,890 [DEBUG] POSE_ANALYSIS - 🔄 正在处理第 0 帧...
2025-02-09 19:22:39,951 [DEBUG] POSE_ANALYSIS - 🔄 正在处理第 0 帧...
2025-02-09 19:22:40,014 [DEBUG] POSE_ANALYSIS - 🔄 正在处理第 0 帧...
2025-02-09 19:22:40,076 [DEBUG] POSE_ANALYSIS - 🔄 正在处理第 0 帧...
2025-02-09 19:22:40,138 [DEBUG] POSE_ANALYSIS - 🔄 正在处理第 0 帧...
2025-02-09 19:22:40,202 [DEBUG] POSE_ANALYSIS - 🔄 正在处理第 0 帧...
2025-02-09 19:22:40,266 [DEBUG] POSE_ANALYSIS - 🔄 正在处理第 0 帧...
2025-02-09 19:22:40,332 [DEBUG] POSE_ANALYSIS - 🔄 正在处理第 0 帧...
2025-02-09 19:22:40,398 [DEBUG] POSE_ANALYSIS - 🔄 正在处理第 0 帧...
2025-02-09 19:22:40,463 [DEBUG] POSE_ANALYSIS - 🔄 正在处理第 0 帧...
2025-02-09 19:22:40,528 [DEBUG] POSE_ANALYSIS - 🔄 正在处理第 0 帧...
2025-02-09 19:22:40,594 [DEBUG] POSE_ANALYSIS - 🔄 正在处理第 0 帧...
2025-02-09 19:22:40,660 [DEBUG] POSE_ANALYSIS - 🔄 正在处理第 0 帧...
2025-02-09 19:22:40,731 [DEBUG] POSE_ANALYSIS - 🔄 正在处理第 0 帧...
2025-02-09 19:22:40,796 [DEBUG] POSE_ANALYSIS - 🔄 正在处理第 0 帧...
2025-02-09 19:22:40,860 [DEBUG] POSE_ANALYSIS - 🔄 正在处理第 0 帧...
2025-02-09 19:22:40,925 [DEBUG] POSE_ANALYSIS - 🔄 正在处理第 0 帧...
2025-02-09 19:22:40,989 [DEBUG] POSE_ANALYSIS - 🔄 正在处理第 0 帧...
2025-02-09 19:22:41,057 [DEBUG] POSE_ANALYSIS - 🔄 正在处理第 0 帧...
2025-02-09 19:22:41,121 [DEBUG] POSE_ANALYSIS - 🔄 正在处理第 0 帧...
2025-02-09 19:22:41,189 [DEBUG] POSE_ANALYSIS - 🔄 正在处理第 0 帧...
2025-02-09 19:22:41,254 [DEBUG] POSE_ANALYSIS - 🔄 正在处理第 0 帧...
2025-02-09 19:22:41,318 [DEBUG] POSE_ANALYSIS - 🔄 正在处理第 0 帧...
2025-02-09 19:22:41,385 [DEBUG] POSE_ANALYSIS - 🔄 正在处理第 0 帧...
2025-02-09 19:22:41,456 [DEBUG] POSE_ANALYSIS - 🔄 正在处理第 0 帧...
2025-02-09 19:22:41,524 [WARNING] POSE_ANALYSIS - 队列空，等待新帧...
2025-02-09 19:22:41,524 [INFO] POSE_ANALYSIS - Active threads: ['MainThread', 'ThreadMonitor', 'AngleStatistics', 'VideoCapture', 'FrameProcessing', 'BufferCleanup']
2025-02-09 19:22:41,525 [DEBUG] POSE_ANALYSIS - 🔄 正在处理第 0 帧...
2025-02-09 19:22:41,588 [DEBUG] POSE_ANALYSIS - 🔄 正在处理第 0 帧...
2025-02-09 19:22:41,655 [DEBUG] POSE_ANALYSIS - 🔄 正在处理第 0 帧...
2025-02-09 19:22:41,724 [DEBUG] POSE_ANALYSIS - 🔄 正在处理第 0 帧...
2025-02-09 19:22:41,796 [DEBUG] POSE_ANALYSIS - 🔄 正在处理第 0 帧...
2025-02-09 19:22:41,865 [DEBUG] POSE_ANALYSIS - 🔄 正在处理第 0 帧...
2025-02-09 19:22:41,933 [DEBUG] POSE_ANALYSIS - 🔄 正在处理第 0 帧...
2025-02-09 19:22:41,998 [DEBUG] POSE_ANALYSIS - 🔄 正在处理第 0 帧...
2025-02-09 19:22:42,065 [DEBUG] POSE_ANALYSIS - 🔄 正在处理第 0 帧...
2025-02-09 19:22:42,127 [DEBUG] POSE_ANALYSIS - 🔄 正在处理第 0 帧...
2025-02-09 19:22:42,193 [DEBUG] POSE_ANALYSIS - 🔄 正在处理第 0 帧...
2025-02-09 19:22:42,268 [DEBUG] POSE_ANALYSIS - 🔄 正在处理第 0 帧...
2025-02-09 19:22:42,336 [DEBUG] POSE_ANALYSIS - 🔄 正在处理第 0 帧...
2025-02-09 19:22:42,401 [DEBUG] POSE_ANALYSIS - 🔄 正在处理第 0 帧...
2025-02-09 19:22:42,467 [DEBUG] POSE_ANALYSIS - 🔄 正在处理第 0 帧...
2025-02-09 19:22:42,530 [DEBUG] POSE_ANALYSIS - 🔄 正在处理第 0 帧...
2025-02-09 19:22:42,593 [DEBUG] POSE_ANALYSIS - 🔄 正在处理第 0 帧...
2025-02-09 19:22:42,656 [DEBUG] POSE_ANALYSIS - 🔄 正在处理第 0 帧...
2025-02-09 19:22:42,719 [DEBUG] POSE_ANALYSIS - 🔄 正在处理第 0 帧...
2025-02-09 19:22:42,779 [DEBUG] POSE_ANALYSIS - 🔄 正在处理第 0 帧...
2025-02-09 19:22:42,843 [DEBUG] POSE_ANALYSIS - 🔄 正在处理第 0 帧...
2025-02-09 19:22:42,907 [DEBUG] POSE_ANALYSIS - 🔄 正在处理第 0 帧...
2025-02-09 19:22:42,967 [DEBUG] POSE_ANALYSIS - 🔄 正在处理第 0 帧...
2025-02-09 19:22:43,029 [DEBUG] POSE_ANALYSIS - 🔄 正在处理第 0 帧...
2025-02-09 19:22:43,088 [DEBUG] POSE_ANALYSIS - 🔄 正在处理第 0 帧...
2025-02-09 19:22:43,152 [DEBUG] POSE_ANALYSIS - 🔄 正在处理第 0 帧...
2025-02-09 19:22:43,228 [DEBUG] POSE_ANALYSIS - 🔄 正在处理第 0 帧...
2025-02-09 19:22:43,305 [DEBUG] POSE_ANALYSIS - 🔄 正在处理第 0 帧...
2025-02-09 19:22:43,382 [DEBUG] POSE_ANALYSIS - 🔄 正在处理第 0 帧...
2025-02-09 19:22:43,443 [DEBUG] POSE_ANALYSIS - 🔄 正在处理第 0 帧...
2025-02-09 19:22:43,505 [DEBUG] POSE_ANALYSIS - 🔄 正在处理第 0 帧...
2025-02-09 19:22:43,569 [DEBUG] POSE_ANALYSIS - 🔄 正在处理第 0 帧...
2025-02-09 19:22:43,632 [DEBUG] POSE_ANALYSIS - 🔄 正在处理第 0 帧...
2025-02-09 19:22:43,699 [DEBUG] POSE_ANALYSIS - 🔄 正在处理第 0 帧...
2025-02-09 19:22:43,764 [DEBUG] POSE_ANALYSIS - 🔄 正在处理第 0 帧...
2025-02-09 19:22:43,827 [DEBUG] POSE_ANALYSIS - 🔄 正在处理第 0 帧...
2025-02-09 19:22:43,889 [DEBUG] POSE_ANALYSIS - 🔄 正在处理第 0 帧...
2025-02-09 19:22:43,954 [DEBUG] POSE_ANALYSIS - 🔄 正在处理第 0 帧...
2025-02-09 19:22:44,017 [DEBUG] POSE_ANALYSIS - 🔄 正在处理第 0 帧...
2025-02-09 19:22:44,082 [DEBUG] POSE_ANALYSIS - 🔄 正在处理第 0 帧...
2025-02-09 19:22:44,145 [DEBUG] POSE_ANALYSIS - 🔄 正在处理第 0 帧...
2025-02-09 19:22:44,209 [DEBUG] POSE_ANALYSIS - 🔄 正在处理第 0 帧...
2025-02-09 19:22:44,280 [DEBUG] POSE_ANALYSIS - 🔄 正在处理第 0 帧...
2025-02-09 19:22:44,346 [DEBUG] POSE_ANALYSIS - 🔄 正在处理第 0 帧...
2025-02-09 19:22:44,421 [DEBUG] POSE_ANALYSIS - 🔄 正在处理第 0 帧...
2025-02-09 19:22:44,486 [DEBUG] POSE_ANALYSIS - 🔄 正在处理第 0 帧...
2025-02-09 19:22:44,570 [DEBUG] POSE_ANALYSIS - 🔄 正在处理第 0 帧...
2025-02-09 19:22:44,651 [DEBUG] POSE_ANALYSIS - 🔄 正在处理第 0 帧...
2025-02-09 19:22:44,732 [DEBUG] POSE_ANALYSIS - 🔄 正在处理第 0 帧...
2025-02-09 19:22:44,804 [DEBUG] POSE_ANALYSIS - 🔄 正在处理第 0 帧...
2025-02-09 19:22:44,885 [DEBUG] POSE_ANALYSIS - 🔄 正在处理第 0 帧...
2025-02-09 19:22:44,959 [DEBUG] POSE_ANALYSIS - 🔄 正在处理第 0 帧...
2025-02-09 19:22:45,031 [DEBUG] POSE_ANALYSIS - 🔄 正在处理第 0 帧...
2025-02-09 19:22:45,106 [DEBUG] POSE_ANALYSIS - 🔄 正在处理第 0 帧...
2025-02-09 19:22:45,176 [DEBUG] POSE_ANALYSIS - 🔄 正在处理第 0 帧...
2025-02-09 19:22:45,245 [DEBUG] POSE_ANALYSIS - 🔄 正在处理第 0 帧...
2025-02-09 19:22:45,320 [DEBUG] POSE_ANALYSIS - 🔄 正在处理第 0 帧...
2025-02-09 19:22:45,392 [DEBUG] POSE_ANALYSIS - 🔄 正在处理第 0 帧...
2025-02-09 19:22:45,458 [DEBUG] POSE_ANALYSIS - 🔄 正在处理第 0 帧...
2025-02-09 19:22:45,535 [DEBUG] POSE_ANALYSIS - 🔄 正在处理第 0 帧...
2025-02-09 19:22:45,600 [DEBUG] POSE_ANALYSIS - 🔄 正在处理第 0 帧...
2025-02-09 19:22:45,676 [DEBUG] POSE_ANALYSIS - 🔄 正在处理第 0 帧...
2025-02-09 19:22:45,744 [DEBUG] POSE_ANALYSIS - 🔄 正在处理第 0 帧...
2025-02-09 19:22:45,816 [DEBUG] POSE_ANALYSIS - 🔄 正在处理第 0 帧...
2025-02-09 19:22:45,884 [DEBUG] POSE_ANALYSIS - 🔄 正在处理第 0 帧...
2025-02-09 19:22:45,950 [DEBUG] POSE_ANALYSIS - 🔄 正在处理第 0 帧...
2025-02-09 19:22:46,017 [DEBUG] POSE_ANALYSIS - 🔄 正在处理第 0 帧...
2025-02-09 19:22:46,083 [DEBUG] POSE_ANALYSIS - 🔄 正在处理第 0 帧...
2025-02-09 19:22:46,150 [DEBUG] POSE_ANALYSIS - 🔄 正在处理第 0 帧...
2025-02-09 19:22:46,216 [DEBUG] POSE_ANALYSIS - 🔄 正在处理第 0 帧...
2025-02-09 19:22:46,285 [DEBUG] POSE_ANALYSIS - 🔄 正在处理第 0 帧...
2025-02-09 19:22:46,354 [DEBUG] POSE_ANALYSIS - 🔄 正在处理第 0 帧...
2025-02-09 19:22:46,423 [DEBUG] POSE_ANALYSIS - 🔄 正在处理第 0 帧...
2025-02-09 19:22:46,490 [DEBUG] POSE_ANALYSIS - 🔄 正在处理第 0 帧...
2025-02-09 19:22:46,554 [WARNING] POSE_ANALYSIS - 队列空，等待新帧...
2025-02-09 19:22:46,554 [INFO] POSE_ANALYSIS - Active threads: ['MainThread', 'ThreadMonitor', 'AngleStatistics', 'VideoCapture', 'FrameProcessing', 'BufferCleanup']
2025-02-09 19:22:46,561 [DEBUG] POSE_ANALYSIS - 🔄 正在处理第 0 帧...
2025-02-09 19:22:46,639 [DEBUG] POSE_ANALYSIS - 🔄 正在处理第 0 帧...
2025-02-09 19:22:46,703 [DEBUG] POSE_ANALYSIS - 🔄 正在处理第 0 帧...
2025-02-09 19:22:46,770 [DEBUG] POSE_ANALYSIS - 🔄 正在处理第 0 帧...
2025-02-09 19:22:46,838 [DEBUG] POSE_ANALYSIS - 🔄 正在处理第 0 帧...
2025-02-09 19:22:46,903 [DEBUG] POSE_ANALYSIS - 🔄 正在处理第 0 帧...
2025-02-09 19:22:46,969 [DEBUG] POSE_ANALYSIS - 🔄 正在处理第 0 帧...
2025-02-09 19:22:47,037 [DEBUG] POSE_ANALYSIS - 🔄 正在处理第 0 帧...
2025-02-09 19:22:47,103 [DEBUG] POSE_ANALYSIS - 🔄 正在处理第 0 帧...
2025-02-09 19:22:47,168 [DEBUG] POSE_ANALYSIS - 🔄 正在处理第 0 帧...
2025-02-09 19:22:47,238 [DEBUG] POSE_ANALYSIS - 🔄 正在处理第 0 帧...
2025-02-09 19:22:47,311 [DEBUG] POSE_ANALYSIS - 🔄 正在处理第 0 帧...
2025-02-09 19:22:47,378 [DEBUG] POSE_ANALYSIS - 🔄 正在处理第 0 帧...
2025-02-09 19:22:47,444 [DEBUG] POSE_ANALYSIS - 🔄 正在处理第 0 帧...
2025-02-09 19:22:47,512 [DEBUG] POSE_ANALYSIS - 🔄 正在处理第 0 帧...
2025-02-09 19:22:47,584 [DEBUG] POSE_ANALYSIS - 🔄 正在处理第 0 帧...
2025-02-09 19:22:47,659 [DEBUG] POSE_ANALYSIS - 🔄 正在处理第 0 帧...
2025-02-09 19:22:47,742 [DEBUG] POSE_ANALYSIS - 🔄 正在处理第 0 帧...
2025-02-09 19:22:47,811 [DEBUG] POSE_ANALYSIS - 🔄 正在处理第 0 帧...
2025-02-09 19:22:47,877 [DEBUG] POSE_ANALYSIS - 🔄 正在处理第 0 帧...
2025-02-09 19:22:47,944 [DEBUG] POSE_ANALYSIS - 🔄 正在处理第 0 帧...
2025-02-09 19:22:48,021 [DEBUG] POSE_ANALYSIS - 🔄 正在处理第 0 帧...
2025-02-09 19:22:48,085 [DEBUG] POSE_ANALYSIS - 🔄 正在处理第 0 帧...
2025-02-09 19:22:48,151 [DEBUG] POSE_ANALYSIS - 🔄 正在处理第 0 帧...
2025-02-09 19:22:48,217 [DEBUG] POSE_ANALYSIS - 🔄 正在处理第 0 帧...
2025-02-09 19:22:48,281 [DEBUG] POSE_ANALYSIS - 🔄 正在处理第 0 帧...
2025-02-09 19:22:48,346 [DEBUG] POSE_ANALYSIS - 🔄 正在处理第 0 帧...
2025-02-09 19:22:48,411 [DEBUG] POSE_ANALYSIS - 🔄 正在处理第 0 帧...
2025-02-09 19:22:48,478 [DEBUG] POSE_ANALYSIS - 🔄 正在处理第 0 帧...
2025-02-09 19:22:48,543 [DEBUG] POSE_ANALYSIS - 🔄 正在处理第 0 帧...
2025-02-09 19:22:48,609 [DEBUG] POSE_ANALYSIS - 🔄 正在处理第 0 帧...
2025-02-09 19:22:48,676 [DEBUG] POSE_ANALYSIS - 🔄 正在处理第 0 帧...
2025-02-09 19:22:48,749 [DEBUG] POSE_ANALYSIS - 🔄 正在处理第 0 帧...
2025-02-09 19:22:48,813 [DEBUG] POSE_ANALYSIS - 🔄 正在处理第 0 帧...
2025-02-09 19:22:48,881 [DEBUG] POSE_ANALYSIS - 🔄 正在处理第 0 帧...
2025-02-09 19:22:48,948 [DEBUG] POSE_ANALYSIS - 🔄 正在处理第 0 帧...
2025-02-09 19:22:49,015 [DEBUG] POSE_ANALYSIS - 🔄 正在处理第 0 帧...
2025-02-09 19:22:49,082 [DEBUG] POSE_ANALYSIS - 🔄 正在处理第 0 帧...
2025-02-09 19:22:49,151 [DEBUG] POSE_ANALYSIS - 🔄 正在处理第 0 帧...
2025-02-09 19:22:49,218 [DEBUG] POSE_ANALYSIS - 🔄 正在处理第 0 帧...
2025-02-09 19:22:49,286 [DEBUG] POSE_ANALYSIS - 🔄 正在处理第 0 帧...
2025-02-09 19:22:49,358 [DEBUG] POSE_ANALYSIS - 🔄 正在处理第 0 帧...
2025-02-09 19:22:49,432 [DEBUG] POSE_ANALYSIS - 🔄 正在处理第 0 帧...
2025-02-09 19:22:49,519 [DEBUG] POSE_ANALYSIS - 🔄 正在处理第 0 帧...
2025-02-09 19:22:49,594 [DEBUG] POSE_ANALYSIS - 🔄 正在处理第 0 帧...
2025-02-09 19:22:49,661 [DEBUG] POSE_ANALYSIS - 🔄 正在处理第 0 帧...
2025-02-09 19:22:49,728 [DEBUG] POSE_ANALYSIS - 🔄 正在处理第 0 帧...
2025-02-09 19:22:49,801 [DEBUG] POSE_ANALYSIS - 🔄 正在处理第 0 帧...
2025-02-09 19:22:49,869 [DEBUG] POSE_ANALYSIS - 🔄 正在处理第 0 帧...
2025-02-09 19:22:49,937 [DEBUG] POSE_ANALYSIS - 🔄 正在处理第 0 帧...
2025-02-09 19:22:50,019 [DEBUG] POSE_ANALYSIS - 🔄 正在处理第 0 帧...
2025-02-09 19:22:50,097 [DEBUG] POSE_ANALYSIS - 🔄 正在处理第 0 帧...
2025-02-09 19:22:50,168 [DEBUG] POSE_ANALYSIS - 🔄 正在处理第 0 帧...
2025-02-09 19:22:50,252 [DEBUG] POSE_ANALYSIS - 🔄 正在处理第 0 帧...
2025-02-09 19:22:50,326 [DEBUG] POSE_ANALYSIS - 🔄 正在处理第 0 帧...
2025-02-09 19:22:50,400 [DEBUG] POSE_ANALYSIS - 🔄 正在处理第 0 帧...
2025-02-09 19:22:50,470 [DEBUG] POSE_ANALYSIS - 🔄 正在处理第 0 帧...
2025-02-09 19:22:50,541 [DEBUG] POSE_ANALYSIS - 🔄 正在处理第 0 帧...
2025-02-09 19:22:50,611 [DEBUG] POSE_ANALYSIS - 🔄 正在处理第 0 帧...
2025-02-09 19:22:50,686 [DEBUG] POSE_ANALYSIS - 🔄 正在处理第 0 帧...
2025-02-09 19:22:50,754 [DEBUG] POSE_ANALYSIS - 🔄 正在处理第 0 帧...
2025-02-09 19:22:50,823 [DEBUG] POSE_ANALYSIS - 🔄 正在处理第 0 帧...
2025-02-09 19:22:50,893 [DEBUG] POSE_ANALYSIS - 🔄 正在处理第 0 帧...
2025-02-09 19:22:50,957 [DEBUG] POSE_ANALYSIS - 🔄 正在处理第 0 帧...
2025-02-09 19:22:51,028 [DEBUG] POSE_ANALYSIS - 🔄 正在处理第 0 帧...
2025-02-09 19:22:51,094 [DEBUG] POSE_ANALYSIS - 🔄 正在处理第 0 帧...
2025-02-09 19:22:51,161 [DEBUG] POSE_ANALYSIS - 🔄 正在处理第 0 帧...
2025-02-09 19:22:51,229 [DEBUG] POSE_ANALYSIS - 🔄 正在处理第 0 帧...
2025-02-09 19:22:51,298 [DEBUG] POSE_ANALYSIS - 🔄 正在处理第 0 帧...
2025-02-09 19:22:51,366 [DEBUG] POSE_ANALYSIS - 🔄 正在处理第 0 帧...
2025-02-09 19:22:51,433 [DEBUG] POSE_ANALYSIS - 🔄 正在处理第 0 帧...
2025-02-09 19:22:51,502 [DEBUG] POSE_ANALYSIS - 🔄 正在处理第 0 帧...
2025-02-09 19:22:51,571 [INFO] POSE_ANALYSIS - Active threads: ['MainThread', 'ThreadMonitor', 'AngleStatistics', 'VideoCapture', 'FrameProcessing', 'BufferCleanup']
2025-02-09 19:22:51,572 [WARNING] POSE_ANALYSIS - 队列空，等待新帧...
2025-02-09 19:22:51,572 [DEBUG] POSE_ANALYSIS - 🔄 正在处理第 0 帧...
2025-02-09 19:22:51,637 [DEBUG] POSE_ANALYSIS - 🔄 正在处理第 0 帧...
2025-02-09 19:22:51,707 [DEBUG] POSE_ANALYSIS - 🔄 正在处理第 0 帧...
2025-02-09 19:22:51,774 [DEBUG] POSE_ANALYSIS - 🔄 正在处理第 0 帧...
2025-02-09 19:22:51,843 [DEBUG] POSE_ANALYSIS - 🔄 正在处理第 0 帧...
2025-02-09 19:22:51,917 [DEBUG] POSE_ANALYSIS - 🔄 正在处理第 0 帧...
2025-02-09 19:22:51,987 [DEBUG] POSE_ANALYSIS - 🔄 正在处理第 0 帧...
2025-02-09 19:22:52,067 [DEBUG] POSE_ANALYSIS - 🔄 正在处理第 0 帧...
2025-02-09 19:22:52,135 [DEBUG] POSE_ANALYSIS - 🔄 正在处理第 0 帧...
2025-02-09 19:22:52,201 [DEBUG] POSE_ANALYSIS - 🔄 正在处理第 0 帧...
2025-02-09 19:22:52,269 [DEBUG] POSE_ANALYSIS - 🔄 正在处理第 0 帧...
2025-02-09 19:22:52,342 [DEBUG] POSE_ANALYSIS - 🔄 正在处理第 0 帧...
2025-02-09 19:22:52,409 [DEBUG] POSE_ANALYSIS - 🔄 正在处理第 0 帧...
2025-02-09 19:22:52,474 [DEBUG] POSE_ANALYSIS - 🔄 正在处理第 0 帧...
2025-02-09 19:22:52,542 [DEBUG] POSE_ANALYSIS - 🔄 正在处理第 0 帧...
2025-02-09 19:22:52,609 [DEBUG] POSE_ANALYSIS - 🔄 正在处理第 0 帧...
2025-02-09 19:22:52,675 [DEBUG] POSE_ANALYSIS - 🔄 正在处理第 0 帧...
2025-02-09 19:22:52,742 [DEBUG] POSE_ANALYSIS - 🔄 正在处理第 0 帧...
2025-02-09 19:22:52,808 [DEBUG] POSE_ANALYSIS - 🔄 正在处理第 0 帧...
2025-02-09 19:22:52,876 [DEBUG] POSE_ANALYSIS - 🔄 正在处理第 0 帧...
2025-02-09 19:22:52,945 [DEBUG] POSE_ANALYSIS - 🔄 正在处理第 0 帧...
2025-02-09 19:22:53,012 [DEBUG] POSE_ANALYSIS - 🔄 正在处理第 0 帧...
2025-02-09 19:22:53,076 [DEBUG] POSE_ANALYSIS - 🔄 正在处理第 0 帧...
2025-02-09 19:22:53,143 [DEBUG] POSE_ANALYSIS - 🔄 正在处理第 0 帧...
2025-02-09 19:22:53,209 [DEBUG] POSE_ANALYSIS - 🔄 正在处理第 0 帧...
2025-02-09 19:22:53,276 [DEBUG] POSE_ANALYSIS - 🔄 正在处理第 0 帧...
2025-02-09 19:22:53,344 [DEBUG] POSE_ANALYSIS - 🔄 正在处理第 0 帧...
2025-02-09 19:22:53,409 [DEBUG] POSE_ANALYSIS - 🔄 正在处理第 0 帧...
2025-02-09 19:22:53,489 [DEBUG] POSE_ANALYSIS - 🔄 正在处理第 0 帧...
2025-02-09 19:22:53,557 [DEBUG] POSE_ANALYSIS - 🔄 正在处理第 0 帧...
2025-02-09 19:22:53,628 [DEBUG] POSE_ANALYSIS - 🔄 正在处理第 0 帧...
2025-02-09 19:22:53,705 [DEBUG] POSE_ANALYSIS - 🔄 正在处理第 0 帧...
2025-02-09 19:22:53,783 [DEBUG] POSE_ANALYSIS - 🔄 正在处理第 0 帧...
2025-02-09 19:22:53,851 [DEBUG] POSE_ANALYSIS - 🔄 正在处理第 0 帧...
2025-02-09 19:22:53,918 [DEBUG] POSE_ANALYSIS - 🔄 正在处理第 0 帧...
2025-02-09 19:22:53,987 [DEBUG] POSE_ANALYSIS - 🔄 正在处理第 0 帧...
2025-02-09 19:22:54,061 [DEBUG] POSE_ANALYSIS - 🔄 正在处理第 0 帧...
2025-02-09 19:22:54,127 [DEBUG] POSE_ANALYSIS - 🔄 正在处理第 0 帧...
2025-02-09 19:22:54,198 [DEBUG] POSE_ANALYSIS - 🔄 正在处理第 0 帧...
2025-02-09 19:22:54,267 [DEBUG] POSE_ANALYSIS - 🔄 正在处理第 0 帧...
2025-02-09 19:22:54,334 [DEBUG] POSE_ANALYSIS - 🔄 正在处理第 0 帧...
2025-02-09 19:22:54,402 [DEBUG] POSE_ANALYSIS - 🔄 正在处理第 0 帧...
2025-02-09 19:22:54,469 [DEBUG] POSE_ANALYSIS - 🔄 正在处理第 0 帧...
2025-02-09 19:22:54,537 [DEBUG] POSE_ANALYSIS - 🔄 正在处理第 0 帧...
2025-02-09 19:22:54,659 [DEBUG] POSE_ANALYSIS - 🔄 正在处理第 0 帧...
2025-02-09 19:22:54,753 [DEBUG] POSE_ANALYSIS - 🔄 正在处理第 0 帧...
2025-02-09 19:22:54,871 [DEBUG] POSE_ANALYSIS - 🔄 正在处理第 0 帧...
2025-02-09 19:22:54,965 [DEBUG] POSE_ANALYSIS - 🔄 正在处理第 0 帧...
2025-02-09 19:22:55,073 [DEBUG] POSE_ANALYSIS - 🔄 正在处理第 0 帧...
2025-02-09 19:22:55,182 [DEBUG] POSE_ANALYSIS - 🔄 正在处理第 0 帧...
2025-02-09 19:22:55,290 [DEBUG] POSE_ANALYSIS - 🔄 正在处理第 0 帧...
2025-02-09 19:22:55,399 [DEBUG] POSE_ANALYSIS - 🔄 正在处理第 0 帧...
2025-02-09 19:22:55,491 [DEBUG] POSE_ANALYSIS - 🔄 正在处理第 0 帧...
2025-02-09 19:22:55,601 [DEBUG] POSE_ANALYSIS - 🔄 正在处理第 0 帧...
2025-02-09 19:22:55,709 [DEBUG] POSE_ANALYSIS - 🔄 正在处理第 0 帧...
2025-02-09 19:22:55,819 [DEBUG] POSE_ANALYSIS - 🔄 正在处理第 0 帧...
2025-02-09 19:22:55,925 [DEBUG] POSE_ANALYSIS - 🔄 正在处理第 0 帧...
2025-02-09 19:22:56,034 [DEBUG] POSE_ANALYSIS - 🔄 正在处理第 0 帧...
2025-02-09 19:22:56,144 [DEBUG] POSE_ANALYSIS - 🔄 正在处理第 0 帧...
2025-02-09 19:22:56,252 [DEBUG] POSE_ANALYSIS - 🔄 正在处理第 0 帧...
2025-02-09 19:22:56,360 [DEBUG] POSE_ANALYSIS - 🔄 正在处理第 0 帧...
2025-02-09 19:22:56,485 [DEBUG] POSE_ANALYSIS - 🔄 正在处理第 0 帧...
2025-02-09 19:22:56,594 [DEBUG] POSE_ANALYSIS - 🔄 正在处理第 0 帧...
2025-02-09 19:22:56,651 [INFO] POSE_ANALYSIS - Active threads: ['MainThread', 'ThreadMonitor', 'AngleStatistics', 'VideoCapture', 'FrameProcessing', 'BufferCleanup']
2025-02-09 19:22:56,651 [WARNING] POSE_ANALYSIS - 队列空，等待新帧...
2025-02-09 19:22:56,702 [DEBUG] POSE_ANALYSIS - 🔄 正在处理第 0 帧...
2025-02-09 19:22:56,811 [DEBUG] POSE_ANALYSIS - 🔄 正在处理第 0 帧...
2025-02-09 19:22:56,918 [DEBUG] POSE_ANALYSIS - 🔄 正在处理第 0 帧...
2025-02-09 19:22:57,027 [DEBUG] POSE_ANALYSIS - 🔄 正在处理第 0 帧...
2025-02-09 19:22:57,135 [DEBUG] POSE_ANALYSIS - 🔄 正在处理第 0 帧...
2025-02-09 19:22:57,245 [DEBUG] POSE_ANALYSIS - 🔄 正在处理第 0 帧...
2025-02-09 19:22:57,369 [DEBUG] POSE_ANALYSIS - 🔄 正在处理第 0 帧...
2025-02-09 19:22:57,478 [DEBUG] POSE_ANALYSIS - 🔄 正在处理第 0 帧...
2025-02-09 19:22:57,585 [DEBUG] POSE_ANALYSIS - 🔄 正在处理第 0 帧...
2025-02-09 19:22:57,696 [DEBUG] POSE_ANALYSIS - 🔄 正在处理第 0 帧...
2025-02-09 19:22:57,804 [DEBUG] POSE_ANALYSIS - 🔄 正在处理第 0 帧...
2025-02-09 19:22:57,912 [DEBUG] POSE_ANALYSIS - 🔄 正在处理第 0 帧...
2025-02-09 19:22:58,021 [DEBUG] POSE_ANALYSIS - 🔄 正在处理第 0 帧...
2025-02-09 19:22:58,146 [DEBUG] POSE_ANALYSIS - 🔄 正在处理第 0 帧...
2025-02-09 19:22:58,270 [DEBUG] POSE_ANALYSIS - 🔄 正在处理第 0 帧...
2025-02-09 19:22:58,377 [DEBUG] POSE_ANALYSIS - 🔄 正在处理第 0 帧...
2025-02-09 19:22:58,487 [DEBUG] POSE_ANALYSIS - 🔄 正在处理第 0 帧...
2025-02-09 19:22:58,611 [DEBUG] POSE_ANALYSIS - 🔄 正在处理第 0 帧...
2025-02-09 19:22:58,736 [DEBUG] POSE_ANALYSIS - 🔄 正在处理第 0 帧...
2025-02-09 19:22:58,844 [DEBUG] POSE_ANALYSIS - 🔄 正在处理第 0 帧...
2025-02-09 19:22:58,953 [DEBUG] POSE_ANALYSIS - 🔄 正在处理第 0 帧...
2025-02-09 19:22:59,078 [DEBUG] POSE_ANALYSIS - 🔄 正在处理第 0 帧...
2025-02-09 19:22:59,184 [DEBUG] POSE_ANALYSIS - 🔄 正在处理第 0 帧...
2025-02-09 19:22:59,295 [DEBUG] POSE_ANALYSIS - 🔄 正在处理第 0 帧...
2025-02-09 19:22:59,419 [DEBUG] POSE_ANALYSIS - 🔄 正在处理第 0 帧...
2025-02-09 19:22:59,527 [DEBUG] POSE_ANALYSIS - 🔄 正在处理第 0 帧...
2025-02-09 19:22:59,638 [DEBUG] POSE_ANALYSIS - 🔄 正在处理第 0 帧...
2025-02-09 19:22:59,747 [DEBUG] POSE_ANALYSIS - 🔄 正在处理第 0 帧...
2025-02-09 19:22:59,871 [DEBUG] POSE_ANALYSIS - 🔄 正在处理第 0 帧...
2025-02-09 19:22:59,980 [DEBUG] POSE_ANALYSIS - 🔄 正在处理第 0 帧...
2025-02-09 19:23:00,091 [DEBUG] POSE_ANALYSIS - 🔄 正在处理第 0 帧...
2025-02-09 19:23:00,202 [DEBUG] POSE_ANALYSIS - 🔄 正在处理第 0 帧...
2025-02-09 19:23:00,310 [DEBUG] POSE_ANALYSIS - 🔄 正在处理第 0 帧...
2025-02-09 19:23:00,420 [DEBUG] POSE_ANALYSIS - 🔄 正在处理第 0 帧...
2025-02-09 19:23:00,525 [DEBUG] POSE_ANALYSIS - 🔄 正在处理第 0 帧...
2025-02-09 19:23:00,619 [DEBUG] POSE_ANALYSIS - 🔄 正在处理第 0 帧...
2025-02-09 19:23:00,712 [DEBUG] POSE_ANALYSIS - 🔄 正在处理第 0 帧...
2025-02-09 19:23:00,820 [DEBUG] POSE_ANALYSIS - 🔄 正在处理第 0 帧...
2025-02-09 19:23:00,929 [DEBUG] POSE_ANALYSIS - 🔄 正在处理第 0 帧...
2025-02-09 19:23:01,056 [DEBUG] POSE_ANALYSIS - 🔄 正在处理第 0 帧...
2025-02-09 19:23:01,183 [DEBUG] POSE_ANALYSIS - 🔄 正在处理第 0 帧...
2025-02-09 19:23:01,275 [DEBUG] POSE_ANALYSIS - 🔄 正在处理第 0 帧...
2025-02-09 19:23:01,385 [DEBUG] POSE_ANALYSIS - 🔄 正在处理第 0 帧...
2025-02-09 19:23:01,493 [DEBUG] POSE_ANALYSIS - 🔄 正在处理第 0 帧...
2025-02-09 19:23:01,617 [DEBUG] POSE_ANALYSIS - 🔄 正在处理第 0 帧...
2025-02-09 19:23:01,726 [INFO] POSE_ANALYSIS - Active threads: ['MainThread', 'ThreadMonitor', 'AngleStatistics', 'VideoCapture', 'FrameProcessing', 'BufferCleanup']
2025-02-09 19:23:01,727 [WARNING] POSE_ANALYSIS - 队列空，等待新帧...
2025-02-09 19:23:01,727 [DEBUG] POSE_ANALYSIS - 🔄 正在处理第 0 帧...
2025-02-09 19:23:01,836 [DEBUG] POSE_ANALYSIS - 🔄 正在处理第 0 帧...
2025-02-09 19:23:01,944 [DEBUG] POSE_ANALYSIS - 🔄 正在处理第 0 帧...
2025-02-09 19:23:02,069 [DEBUG] POSE_ANALYSIS - 🔄 正在处理第 0 帧...
2025-02-09 19:23:02,177 [DEBUG] POSE_ANALYSIS - 🔄 正在处理第 0 帧...
2025-02-09 19:23:02,300 [DEBUG] POSE_ANALYSIS - 🔄 正在处理第 0 帧...
2025-02-09 19:23:02,424 [DEBUG] POSE_ANALYSIS - 🔄 正在处理第 0 帧...
2025-02-09 19:23:02,520 [DEBUG] POSE_ANALYSIS - 🔄 正在处理第 0 帧...
2025-02-09 19:23:02,628 [DEBUG] POSE_ANALYSIS - 🔄 正在处理第 0 帧...
2025-02-09 19:23:02,735 [DEBUG] POSE_ANALYSIS - 🔄 正在处理第 0 帧...
2025-02-09 19:23:02,858 [DEBUG] POSE_ANALYSIS - 🔄 正在处理第 0 帧...
2025-02-09 19:23:02,983 [DEBUG] POSE_ANALYSIS - 🔄 正在处理第 0 帧...
2025-02-09 19:23:03,092 [DEBUG] POSE_ANALYSIS - 🔄 正在处理第 0 帧...
2025-02-09 19:23:03,199 [DEBUG] POSE_ANALYSIS - 🔄 正在处理第 0 帧...
2025-02-09 19:23:03,307 [DEBUG] POSE_ANALYSIS - 🔄 正在处理第 0 帧...
2025-02-09 19:23:03,417 [DEBUG] POSE_ANALYSIS - 🔄 正在处理第 0 帧...
2025-02-09 19:23:03,527 [DEBUG] POSE_ANALYSIS - 🔄 正在处理第 0 帧...
2025-02-09 19:23:03,625 [DEBUG] POSE_ANALYSIS - 🔄 正在处理第 0 帧...
2025-02-09 19:23:03,745 [DEBUG] POSE_ANALYSIS - 🔄 正在处理第 0 帧...
2025-02-09 19:23:03,852 [DEBUG] POSE_ANALYSIS - 🔄 正在处理第 0 帧...
2025-02-09 19:23:03,943 [DEBUG] POSE_ANALYSIS - 🔄 正在处理第 0 帧...
2025-02-09 19:23:04,066 [DEBUG] POSE_ANALYSIS - 🔄 正在处理第 0 帧...
2025-02-09 19:23:04,174 [DEBUG] POSE_ANALYSIS - 🔄 正在处理第 0 帧...
2025-02-09 19:23:04,280 [DEBUG] POSE_ANALYSIS - 🔄 正在处理第 0 帧...
2025-02-09 19:23:04,390 [DEBUG] POSE_ANALYSIS - 🔄 正在处理第 0 帧...
2025-02-09 19:23:04,484 [DEBUG] POSE_ANALYSIS - 🔄 正在处理第 0 帧...
2025-02-09 19:23:04,593 [DEBUG] POSE_ANALYSIS - 🔄 正在处理第 0 帧...
2025-02-09 19:23:04,703 [DEBUG] POSE_ANALYSIS - 🔄 正在处理第 0 帧...
2025-02-09 19:23:04,828 [DEBUG] POSE_ANALYSIS - 🔄 正在处理第 0 帧...
2025-02-09 19:23:04,951 [DEBUG] POSE_ANALYSIS - 🔄 正在处理第 0 帧...
2025-02-09 19:23:05,059 [DEBUG] POSE_ANALYSIS - 🔄 正在处理第 0 帧...
2025-02-09 19:23:05,169 [DEBUG] POSE_ANALYSIS - 🔄 正在处理第 0 帧...
2025-02-09 19:23:05,276 [DEBUG] POSE_ANALYSIS - 🔄 正在处理第 0 帧...
2025-02-09 19:23:05,386 [DEBUG] POSE_ANALYSIS - 🔄 正在处理第 0 帧...
2025-02-09 19:23:05,495 [DEBUG] POSE_ANALYSIS - 🔄 正在处理第 0 帧...
2025-02-09 19:23:05,603 [DEBUG] POSE_ANALYSIS - 🔄 正在处理第 0 帧...
2025-02-09 19:23:05,727 [DEBUG] POSE_ANALYSIS - 🔄 正在处理第 0 帧...
2025-02-09 19:23:05,851 [DEBUG] POSE_ANALYSIS - 🔄 正在处理第 0 帧...
2025-02-09 19:23:05,976 [DEBUG] POSE_ANALYSIS - 🔄 正在处理第 0 帧...
2025-02-09 19:23:06,086 [DEBUG] POSE_ANALYSIS - 🔄 正在处理第 0 帧...
2025-02-09 19:23:06,195 [DEBUG] POSE_ANALYSIS - 🔄 正在处理第 0 帧...
2025-02-09 19:23:06,302 [DEBUG] POSE_ANALYSIS - 🔄 正在处理第 0 帧...
2025-02-09 19:23:06,411 [DEBUG] POSE_ANALYSIS - 🔄 正在处理第 0 帧...
2025-02-09 19:23:06,521 [DEBUG] POSE_ANALYSIS - 🔄 正在处理第 0 帧...
2025-02-09 19:23:06,615 [DEBUG] POSE_ANALYSIS - 🔄 正在处理第 0 帧...
2025-02-09 19:23:06,710 [DEBUG] POSE_ANALYSIS - 🔄 正在处理第 0 帧...
2025-02-09 19:23:06,819 [WARNING] POSE_ANALYSIS - 队列空，等待新帧...
2025-02-09 19:23:06,819 [INFO] POSE_ANALYSIS - Active threads: ['MainThread', 'ThreadMonitor', 'AngleStatistics', 'VideoCapture', 'FrameProcessing', 'BufferCleanup']
2025-02-09 19:23:06,820 [DEBUG] POSE_ANALYSIS - 🔄 正在处理第 0 帧...
2025-02-09 19:23:06,929 [INFO] POSE_ANALYSIS - 停止即時偵測執行緒
2025-02-09 19:23:06,929 [INFO] POSE_ANALYSIS - 畫面處理執行緒已停止
2025-02-09 19:23:07,206 [INFO] POSE_ANALYSIS - 攝像頭執行緒已正常停止
2025-02-09 19:23:11,814 [WARNING] POSE_ANALYSIS - 队列空，等待新帧...
2025-02-09 19:23:11,814 [INFO] POSE_ANALYSIS - Active threads: ['MainThread', 'ThreadMonitor', 'AngleStatistics', 'BufferCleanup']
2025-02-09 19:23:16,808 [INFO] POSE_ANALYSIS - Active threads: ['MainThread', 'ThreadMonitor', 'AngleStatistics', 'BufferCleanup']
2025-02-09 19:23:16,808 [WARNING] POSE_ANALYSIS - 队列空，等待新帧...
2025-02-09 19:23:21,805 [WARNING] POSE_ANALYSIS - 队列空，等待新帧...
2025-02-09 19:23:21,805 [INFO] POSE_ANALYSIS - Active threads: ['MainThread', 'ThreadMonitor', 'AngleStatistics', 'BufferCleanup']
2025-02-09 19:23:26,816 [WARNING] POSE_ANALYSIS - 队列空，等待新帧...
2025-02-09 19:23:26,816 [INFO] POSE_ANALYSIS - Active threads: ['MainThread', 'ThreadMonitor', 'AngleStatistics', 'BufferCleanup']
2025-02-09 19:23:31,806 [INFO] POSE_ANALYSIS - Active threads: ['MainThread', 'ThreadMonitor', 'AngleStatistics', 'BufferCleanup']
2025-02-09 19:23:31,806 [WARNING] POSE_ANALYSIS - 队列空，等待新帧...
2025-02-09 19:23:36,818 [INFO] POSE_ANALYSIS - Active threads: ['MainThread', 'ThreadMonitor', 'AngleStatistics', 'BufferCleanup']
2025-02-09 19:23:36,818 [WARNING] POSE_ANALYSIS - 队列空，等待新帧...
2025-02-09 19:23:41,809 [WARNING] POSE_ANALYSIS - 队列空，等待新帧...
2025-02-09 19:23:41,809 [INFO] POSE_ANALYSIS - Active threads: ['MainThread', 'ThreadMonitor', 'AngleStatistics', 'BufferCleanup']
2025-02-09 19:23:46,811 [WARNING] POSE_ANALYSIS - 队列空，等待新帧...
2025-02-09 19:23:46,811 [INFO] POSE_ANALYSIS - Active threads: ['MainThread', 'ThreadMonitor', 'AngleStatistics', 'BufferCleanup']
2025-02-09 19:23:51,812 [INFO] POSE_ANALYSIS - Active threads: ['MainThread', 'ThreadMonitor', 'AngleStatistics', 'BufferCleanup']
2025-02-09 19:23:51,812 [WARNING] POSE_ANALYSIS - 队列空，等待新帧...
2025-02-09 19:23:56,815 [INFO] POSE_ANALYSIS - Active threads: ['MainThread', 'ThreadMonitor', 'AngleStatistics', 'BufferCleanup']
2025-02-09 19:23:56,815 [WARNING] POSE_ANALYSIS - 队列空，等待新帧...
2025-02-09 19:24:01,813 [INFO] POSE_ANALYSIS - Active threads: ['MainThread', 'ThreadMonitor', 'AngleStatistics', 'BufferCleanup']
2025-02-09 19:24:01,813 [WARNING] POSE_ANALYSIS - 队列空，等待新帧...
2025-02-09 19:24:06,803 [INFO] POSE_ANALYSIS - Active threads: ['MainThread', 'ThreadMonitor', 'AngleStatistics', 'BufferCleanup']
2025-02-09 19:24:06,803 [WARNING] POSE_ANALYSIS - 队列空，等待新帧...
2025-02-09 19:24:11,815 [WARNING] POSE_ANALYSIS - 队列空，等待新帧...
2025-02-09 19:24:11,815 [INFO] POSE_ANALYSIS - Active threads: ['MainThread', 'ThreadMonitor', 'AngleStatistics', 'BufferCleanup']
2025-02-09 19:24:16,807 [WARNING] POSE_ANALYSIS - 队列空，等待新帧...
2025-02-09 19:24:16,807 [INFO] POSE_ANALYSIS - Active threads: ['MainThread', 'ThreadMonitor', 'AngleStatistics', 'BufferCleanup']
2025-02-09 19:24:21,813 [INFO] POSE_ANALYSIS - Active threads: ['MainThread', 'ThreadMonitor', 'AngleStatistics', 'BufferCleanup']
2025-02-09 19:24:21,813 [WARNING] POSE_ANALYSIS - 队列空，等待新帧...
2025-02-09 19:24:26,806 [INFO] POSE_ANALYSIS - Active threads: ['MainThread', 'ThreadMonitor', 'AngleStatistics', 'BufferCleanup']
2025-02-09 19:24:26,806 [WARNING] POSE_ANALYSIS - 队列空，等待新帧...
2025-02-09 19:24:31,805 [INFO] POSE_ANALYSIS - Active threads: ['MainThread', 'ThreadMonitor', 'AngleStatistics', 'BufferCleanup']
2025-02-09 19:24:31,805 [WARNING] POSE_ANALYSIS - 队列空，等待新帧...
2025-02-09 19:24:36,805 [INFO] POSE_ANALYSIS - Active threads: ['MainThread', 'ThreadMonitor', 'AngleStatistics', 'BufferCleanup']
2025-02-09 19:24:36,805 [WARNING] POSE_ANALYSIS - 队列空，等待新帧...
2025-02-09 19:24:41,810 [INFO] POSE_ANALYSIS - Active threads: ['MainThread', 'ThreadMonitor', 'AngleStatistics', 'BufferCleanup']
2025-02-09 19:24:41,810 [WARNING] POSE_ANALYSIS - 队列空，等待新帧...
2025-02-09 19:24:46,805 [WARNING] POSE_ANALYSIS - 队列空，等待新帧...
2025-02-09 19:24:46,805 [INFO] POSE_ANALYSIS - Active threads: ['MainThread', 'ThreadMonitor', 'AngleStatistics', 'BufferCleanup']
2025-02-09 19:24:51,806 [WARNING] POSE_ANALYSIS - 队列空，等待新帧...
2025-02-09 19:24:51,806 [INFO] POSE_ANALYSIS - Active threads: ['MainThread', 'ThreadMonitor', 'AngleStatistics', 'BufferCleanup']
2025-02-09 19:24:56,813 [INFO] POSE_ANALYSIS - Active threads: ['MainThread', 'ThreadMonitor', 'AngleStatistics', 'BufferCleanup']
2025-02-09 19:24:56,814 [WARNING] POSE_ANALYSIS - 队列空，等待新帧...
2025-02-09 19:25:01,804 [INFO] POSE_ANALYSIS - Active threads: ['MainThread', 'ThreadMonitor', 'AngleStatistics', 'BufferCleanup']
2025-02-09 19:25:01,804 [WARNING] POSE_ANALYSIS - 队列空，等待新帧...
2025-02-09 19:25:06,810 [INFO] POSE_ANALYSIS - Active threads: ['MainThread', 'ThreadMonitor', 'AngleStatistics', 'BufferCleanup']
2025-02-09 19:25:06,810 [WARNING] POSE_ANALYSIS - 队列空，等待新帧...
2025-02-09 19:25:11,800 [INFO] POSE_ANALYSIS - Active threads: ['MainThread', 'ThreadMonitor', 'AngleStatistics', 'BufferCleanup']
2025-02-09 19:25:11,800 [WARNING] POSE_ANALYSIS - 队列空，等待新帧...
2025-02-09 19:25:16,803 [INFO] POSE_ANALYSIS - Active threads: ['MainThread', 'ThreadMonitor', 'AngleStatistics', 'BufferCleanup']
2025-02-09 19:25:16,803 [WARNING] POSE_ANALYSIS - 队列空，等待新帧...
2025-02-09 19:25:21,801 [INFO] POSE_ANALYSIS - Active threads: ['MainThread', 'ThreadMonitor', 'AngleStatistics', 'BufferCleanup']
2025-02-09 19:25:21,801 [WARNING] POSE_ANALYSIS - 队列空，等待新帧...
2025-02-09 19:25:26,801 [INFO] POSE_ANALYSIS - Active threads: ['MainThread', 'ThreadMonitor', 'AngleStatistics', 'BufferCleanup']
2025-02-09 19:25:26,801 [WARNING] POSE_ANALYSIS - 队列空，等待新帧...
2025-02-09 19:25:31,798 [INFO] POSE_ANALYSIS - Active threads: ['MainThread', 'ThreadMonitor', 'AngleStatistics', 'BufferCleanup']
2025-02-09 19:25:31,798 [WARNING] POSE_ANALYSIS - 队列空，等待新帧...
2025-02-09 19:25:36,811 [WARNING] POSE_ANALYSIS - 队列空，等待新帧...
2025-02-09 19:25:36,811 [INFO] POSE_ANALYSIS - Active threads: ['MainThread', 'ThreadMonitor', 'AngleStatistics', 'BufferCleanup']
2025-02-09 19:25:41,849 [INFO] POSE_ANALYSIS - Active threads: ['MainThread', 'ThreadMonitor', 'AngleStatistics', 'BufferCleanup']
2025-02-09 19:25:41,849 [WARNING] POSE_ANALYSIS - 队列空，等待新帧...
2025-02-09 19:25:46,844 [INFO] POSE_ANALYSIS - Active threads: ['MainThread', 'ThreadMonitor', 'AngleStatistics', 'BufferCleanup']
2025-02-09 19:25:46,844 [WARNING] POSE_ANALYSIS - 队列空，等待新帧...
2025-02-09 19:25:51,853 [INFO] POSE_ANALYSIS - Active threads: ['MainThread', 'ThreadMonitor', 'AngleStatistics', 'BufferCleanup']
2025-02-09 19:25:51,853 [WARNING] POSE_ANALYSIS - 队列空，等待新帧...
2025-02-09 19:25:56,922 [INFO] POSE_ANALYSIS - Active threads: ['MainThread', 'ThreadMonitor', 'AngleStatistics', 'BufferCleanup']
2025-02-09 19:25:56,938 [WARNING] POSE_ANALYSIS - 队列空，等待新帧...
2025-02-09 19:26:01,946 [INFO] POSE_ANALYSIS - Active threads: ['MainThread', 'ThreadMonitor', 'AngleStatistics', 'BufferCleanup']
2025-02-09 19:26:01,946 [WARNING] POSE_ANALYSIS - 队列空，等待新帧...
2025-02-09 19:26:06,941 [INFO] POSE_ANALYSIS - Active threads: ['MainThread', 'ThreadMonitor', 'AngleStatistics', 'BufferCleanup']
2025-02-09 19:26:06,941 [WARNING] POSE_ANALYSIS - 队列空，等待新帧...
2025-02-09 19:26:11,947 [WARNING] POSE_ANALYSIS - 队列空，等待新帧...
2025-02-09 19:26:11,948 [INFO] POSE_ANALYSIS - Active threads: ['MainThread', 'ThreadMonitor', 'AngleStatistics', 'BufferCleanup']
2025-02-09 19:26:16,946 [INFO] POSE_ANALYSIS - Active threads: ['MainThread', 'ThreadMonitor', 'AngleStatistics', 'BufferCleanup']
2025-02-09 19:26:16,946 [WARNING] POSE_ANALYSIS - 队列空，等待新帧...
2025-02-09 19:26:33,157 [WARNING] POSE_ANALYSIS - No GPU devices found. Running on CPU.
2025-02-09 19:26:33,178 [INFO] POSE_ANALYSIS - Using GPU: NVIDIA GeForce GTX 1050 Ti
2025-02-09 19:26:33,409 [INFO] POSE_ANALYSIS - YOLO model for squat loaded successfully from D:\project_Main\modles\yolov8_squat_model\weights\best.pt
2025-02-09 19:26:33,981 [ERROR] POSE_ANALYSIS - Error loading YOLO model for bicep-curl: [Errno 2] No such file or directory: 'D:\\project_Main\\modles\\best.pt'
2025-02-09 19:26:34,030 [INFO] POSE_ANALYSIS - YOLO model for shoulder-press loaded successfully from D:\project_Main\modles\yolov8_shoulder_model\weights\best.pt
2025-02-09 19:26:34,084 [INFO] POSE_ANALYSIS - YOLO model for push-up loaded successfully from D:\project_Main\modles\push-up_model\weights\pushup_best.pt
2025-02-09 19:26:34,139 [INFO] POSE_ANALYSIS - YOLO model for pull-up loaded successfully from D:\project_Main\modles\best_pullup.pt
2025-02-09 19:26:34,143 [INFO] POSE_ANALYSIS - Active threads: ['MainThread', 'ThreadMonitor']
2025-02-09 19:26:39,153 [WARNING] POSE_ANALYSIS - 队列空，等待新帧...
2025-02-09 19:26:39,153 [INFO] POSE_ANALYSIS - Active threads: ['MainThread', 'ThreadMonitor', 'AngleStatistics']
2025-02-09 19:26:44,160 [WARNING] POSE_ANALYSIS - 队列空，等待新帧...
2025-02-09 19:26:44,160 [INFO] POSE_ANALYSIS - Active threads: ['MainThread', 'ThreadMonitor', 'AngleStatistics']
2025-02-09 19:26:51,677 [WARNING] POSE_ANALYSIS - 队列空，等待新帧...
2025-02-09 19:26:51,678 [INFO] POSE_ANALYSIS - Active threads: ['MainThread', 'ThreadMonitor', 'AngleStatistics', 'VideoCapture']
2025-02-09 19:26:58,441 [INFO] POSE_ANALYSIS - Started thread: VideoCapture
2025-02-09 19:26:58,442 [INFO] POSE_ANALYSIS - Active threads: ['MainThread', 'ThreadMonitor', 'AngleStatistics', 'VideoCapture', 'FrameProcessing']
2025-02-09 19:26:58,442 [WARNING] POSE_ANALYSIS - 队列空，等待新帧...
2025-02-09 19:26:59,436 [INFO] POSE_ANALYSIS - Started thread: FrameProcessing
2025-02-09 19:26:59,683 [INFO] POSE_ANALYSIS - Started thread: BufferCleanup
2025-02-09 19:26:59,683 [INFO] POSE_ANALYSIS - ✅ 啟動 squat 模型進行即時偵測
2025-02-09 19:27:03,484 [INFO] POSE_ANALYSIS - Active threads: ['MainThread', 'ThreadMonitor', 'AngleStatistics', 'VideoCapture', 'FrameProcessing', 'BufferCleanup']
2025-02-09 19:27:08,504 [INFO] POSE_ANALYSIS - Active threads: ['MainThread', 'ThreadMonitor', 'AngleStatistics', 'VideoCapture', 'FrameProcessing', 'BufferCleanup']
2025-02-09 19:27:13,509 [INFO] POSE_ANALYSIS - Active threads: ['MainThread', 'ThreadMonitor', 'AngleStatistics', 'VideoCapture', 'FrameProcessing', 'BufferCleanup']
2025-02-09 19:29:11,054 [WARNING] POSE_ANALYSIS - No GPU devices found. Running on CPU.
2025-02-09 19:29:11,080 [INFO] POSE_ANALYSIS - Using GPU: NVIDIA GeForce GTX 1050 Ti
2025-02-09 19:29:11,433 [INFO] POSE_ANALYSIS - YOLO model for squat loaded successfully from D:\project_Main\modles\yolov8_squat_model\weights\best.pt
2025-02-09 19:29:12,054 [ERROR] POSE_ANALYSIS - Error loading YOLO model for bicep-curl: [Errno 2] No such file or directory: 'D:\\project_Main\\modles\\best.pt'
2025-02-09 19:29:12,120 [INFO] POSE_ANALYSIS - YOLO model for shoulder-press loaded successfully from D:\project_Main\modles\yolov8_shoulder_model\weights\best.pt
2025-02-09 19:29:12,220 [INFO] POSE_ANALYSIS - YOLO model for push-up loaded successfully from D:\project_Main\modles\push-up_model\weights\pushup_best.pt
2025-02-09 19:29:12,292 [INFO] POSE_ANALYSIS - YOLO model for pull-up loaded successfully from D:\project_Main\modles\best_pullup.pt
2025-02-09 19:29:12,298 [INFO] POSE_ANALYSIS - Active threads: ['MainThread', 'ThreadMonitor']
2025-02-09 19:29:17,299 [INFO] POSE_ANALYSIS - Active threads: ['MainThread', 'ThreadMonitor']
2025-02-09 19:29:27,366 [INFO] POSE_ANALYSIS - Started thread: VideoCapture
2025-02-09 19:29:27,366 [INFO] POSE_ANALYSIS - Active threads: ['MainThread', 'ThreadMonitor', 'VideoCapture', 'FrameProcessing']
2025-02-09 19:29:28,454 [INFO] POSE_ANALYSIS - Started thread: FrameProcessing
2025-02-09 19:29:28,584 [ERROR] POSE_ANALYSIS - Error in process_frame_realtime: name 'frame_count' is not defined
2025-02-09 19:29:28,586 [INFO] POSE_ANALYSIS - Started thread: BufferCleanup
2025-02-09 19:29:28,586 [INFO] POSE_ANALYSIS - ✅ 啟動 squat 模型進行即時偵測
2025-02-09 19:29:28,625 [ERROR] POSE_ANALYSIS - Error in process_frame_realtime: name 'frame_count' is not defined
2025-02-09 19:29:28,675 [ERROR] POSE_ANALYSIS - Error in process_frame_realtime: name 'frame_count' is not defined
2025-02-09 19:29:28,728 [ERROR] POSE_ANALYSIS - Error in process_frame_realtime: name 'frame_count' is not defined
2025-02-09 19:29:28,765 [ERROR] POSE_ANALYSIS - Error in process_frame_realtime: name 'frame_count' is not defined
2025-02-09 19:29:28,799 [ERROR] POSE_ANALYSIS - Error in process_frame_realtime: name 'frame_count' is not defined
2025-02-09 19:29:28,835 [ERROR] POSE_ANALYSIS - Error in process_frame_realtime: name 'frame_count' is not defined
2025-02-09 19:29:28,871 [ERROR] POSE_ANALYSIS - Error in process_frame_realtime: name 'frame_count' is not defined
2025-02-09 19:29:28,906 [ERROR] POSE_ANALYSIS - Error in process_frame_realtime: name 'frame_count' is not defined
2025-02-09 19:29:28,943 [ERROR] POSE_ANALYSIS - Error in process_frame_realtime: name 'frame_count' is not defined
2025-02-09 19:29:28,993 [ERROR] POSE_ANALYSIS - Error in process_frame_realtime: name 'frame_count' is not defined
2025-02-09 19:29:29,028 [ERROR] POSE_ANALYSIS - Error in process_frame_realtime: name 'frame_count' is not defined
2025-02-09 19:29:29,067 [ERROR] POSE_ANALYSIS - Error in process_frame_realtime: name 'frame_count' is not defined
2025-02-09 19:29:29,117 [ERROR] POSE_ANALYSIS - Error in process_frame_realtime: name 'frame_count' is not defined
2025-02-09 19:29:29,152 [ERROR] POSE_ANALYSIS - Error in process_frame_realtime: name 'frame_count' is not defined
2025-02-09 19:29:29,190 [ERROR] POSE_ANALYSIS - Error in process_frame_realtime: name 'frame_count' is not defined
2025-02-09 19:29:29,228 [ERROR] POSE_ANALYSIS - Error in process_frame_realtime: name 'frame_count' is not defined
2025-02-09 19:29:29,268 [ERROR] POSE_ANALYSIS - Error in process_frame_realtime: name 'frame_count' is not defined
2025-02-09 19:29:29,310 [ERROR] POSE_ANALYSIS - Error in process_frame_realtime: name 'frame_count' is not defined
2025-02-09 19:29:29,348 [ERROR] POSE_ANALYSIS - Error in process_frame_realtime: name 'frame_count' is not defined
2025-02-09 19:29:29,395 [ERROR] POSE_ANALYSIS - Error in process_frame_realtime: name 'frame_count' is not defined
2025-02-09 19:29:29,448 [ERROR] POSE_ANALYSIS - Error in process_frame_realtime: name 'frame_count' is not defined
2025-02-09 19:29:29,491 [ERROR] POSE_ANALYSIS - Error in process_frame_realtime: name 'frame_count' is not defined
2025-02-09 19:29:29,532 [ERROR] POSE_ANALYSIS - Error in process_frame_realtime: name 'frame_count' is not defined
2025-02-09 19:29:29,579 [ERROR] POSE_ANALYSIS - Error in process_frame_realtime: name 'frame_count' is not defined
2025-02-09 19:29:29,634 [ERROR] POSE_ANALYSIS - Error in process_frame_realtime: name 'frame_count' is not defined
2025-02-09 19:29:29,681 [ERROR] POSE_ANALYSIS - Error in process_frame_realtime: name 'frame_count' is not defined
2025-02-09 19:29:29,733 [ERROR] POSE_ANALYSIS - Error in process_frame_realtime: name 'frame_count' is not defined
2025-02-09 19:29:29,774 [ERROR] POSE_ANALYSIS - Error in process_frame_realtime: name 'frame_count' is not defined
2025-02-09 19:29:29,819 [ERROR] POSE_ANALYSIS - Error in process_frame_realtime: name 'frame_count' is not defined
2025-02-09 19:29:29,865 [ERROR] POSE_ANALYSIS - Error in process_frame_realtime: name 'frame_count' is not defined
2025-02-09 19:29:29,908 [ERROR] POSE_ANALYSIS - Error in process_frame_realtime: name 'frame_count' is not defined
2025-02-09 19:29:29,950 [ERROR] POSE_ANALYSIS - Error in process_frame_realtime: name 'frame_count' is not defined
2025-02-09 19:29:29,991 [ERROR] POSE_ANALYSIS - Error in process_frame_realtime: name 'frame_count' is not defined
2025-02-09 19:29:30,034 [ERROR] POSE_ANALYSIS - Error in process_frame_realtime: name 'frame_count' is not defined
2025-02-09 19:29:30,069 [ERROR] POSE_ANALYSIS - Error in process_frame_realtime: name 'frame_count' is not defined
2025-02-09 19:29:30,105 [ERROR] POSE_ANALYSIS - Error in process_frame_realtime: name 'frame_count' is not defined
2025-02-09 19:29:30,143 [ERROR] POSE_ANALYSIS - Error in process_frame_realtime: name 'frame_count' is not defined
2025-02-09 19:29:30,199 [ERROR] POSE_ANALYSIS - Error in process_frame_realtime: name 'frame_count' is not defined
2025-02-09 19:29:30,237 [ERROR] POSE_ANALYSIS - Error in process_frame_realtime: name 'frame_count' is not defined
2025-02-09 19:29:30,277 [ERROR] POSE_ANALYSIS - Error in process_frame_realtime: name 'frame_count' is not defined
2025-02-09 19:29:30,314 [ERROR] POSE_ANALYSIS - Error in process_frame_realtime: name 'frame_count' is not defined
2025-02-09 19:29:30,353 [ERROR] POSE_ANALYSIS - Error in process_frame_realtime: name 'frame_count' is not defined
2025-02-09 19:29:30,395 [ERROR] POSE_ANALYSIS - Error in process_frame_realtime: name 'frame_count' is not defined
2025-02-09 19:29:30,440 [ERROR] POSE_ANALYSIS - Error in process_frame_realtime: name 'frame_count' is not defined
2025-02-09 19:29:30,481 [ERROR] POSE_ANALYSIS - Error in process_frame_realtime: name 'frame_count' is not defined
2025-02-09 19:29:30,518 [ERROR] POSE_ANALYSIS - Error in process_frame_realtime: name 'frame_count' is not defined
2025-02-09 19:29:30,553 [ERROR] POSE_ANALYSIS - Error in process_frame_realtime: name 'frame_count' is not defined
2025-02-09 19:29:30,590 [ERROR] POSE_ANALYSIS - Error in process_frame_realtime: name 'frame_count' is not defined
2025-02-09 19:29:30,625 [ERROR] POSE_ANALYSIS - Error in process_frame_realtime: name 'frame_count' is not defined
2025-02-09 19:29:30,661 [ERROR] POSE_ANALYSIS - Error in process_frame_realtime: name 'frame_count' is not defined
2025-02-09 19:29:30,701 [ERROR] POSE_ANALYSIS - Error in process_frame_realtime: name 'frame_count' is not defined
2025-02-09 19:29:30,740 [ERROR] POSE_ANALYSIS - Error in process_frame_realtime: name 'frame_count' is not defined
2025-02-09 19:29:30,777 [ERROR] POSE_ANALYSIS - Error in process_frame_realtime: name 'frame_count' is not defined
2025-02-09 19:29:30,815 [ERROR] POSE_ANALYSIS - Error in process_frame_realtime: name 'frame_count' is not defined
2025-02-09 19:29:30,859 [ERROR] POSE_ANALYSIS - Error in process_frame_realtime: name 'frame_count' is not defined
2025-02-09 19:29:30,894 [ERROR] POSE_ANALYSIS - Error in process_frame_realtime: name 'frame_count' is not defined
2025-02-09 19:29:30,935 [ERROR] POSE_ANALYSIS - Error in process_frame_realtime: name 'frame_count' is not defined
2025-02-09 19:29:30,970 [ERROR] POSE_ANALYSIS - Error in process_frame_realtime: name 'frame_count' is not defined
2025-02-09 19:29:31,007 [ERROR] POSE_ANALYSIS - Error in process_frame_realtime: name 'frame_count' is not defined
2025-02-09 19:29:31,043 [ERROR] POSE_ANALYSIS - Error in process_frame_realtime: name 'frame_count' is not defined
2025-02-09 19:29:31,079 [ERROR] POSE_ANALYSIS - Error in process_frame_realtime: name 'frame_count' is not defined
2025-02-09 19:29:31,117 [ERROR] POSE_ANALYSIS - Error in process_frame_realtime: name 'frame_count' is not defined
2025-02-09 19:29:31,152 [ERROR] POSE_ANALYSIS - Error in process_frame_realtime: name 'frame_count' is not defined
2025-02-09 19:29:31,191 [ERROR] POSE_ANALYSIS - Error in process_frame_realtime: name 'frame_count' is not defined
2025-02-09 19:29:31,233 [ERROR] POSE_ANALYSIS - Error in process_frame_realtime: name 'frame_count' is not defined
2025-02-09 19:29:31,269 [ERROR] POSE_ANALYSIS - Error in process_frame_realtime: name 'frame_count' is not defined
2025-02-09 19:29:31,312 [ERROR] POSE_ANALYSIS - Error in process_frame_realtime: name 'frame_count' is not defined
2025-02-09 19:29:31,348 [ERROR] POSE_ANALYSIS - Error in process_frame_realtime: name 'frame_count' is not defined
2025-02-09 19:29:31,387 [ERROR] POSE_ANALYSIS - Error in process_frame_realtime: name 'frame_count' is not defined
2025-02-09 19:29:31,424 [ERROR] POSE_ANALYSIS - Error in process_frame_realtime: name 'frame_count' is not defined
2025-02-09 19:29:31,461 [ERROR] POSE_ANALYSIS - Error in process_frame_realtime: name 'frame_count' is not defined
2025-02-09 19:29:31,502 [ERROR] POSE_ANALYSIS - Error in process_frame_realtime: name 'frame_count' is not defined
2025-02-09 19:29:31,539 [ERROR] POSE_ANALYSIS - Error in process_frame_realtime: name 'frame_count' is not defined
2025-02-09 19:29:31,575 [ERROR] POSE_ANALYSIS - Error in process_frame_realtime: name 'frame_count' is not defined
2025-02-09 19:29:31,612 [ERROR] POSE_ANALYSIS - Error in process_frame_realtime: name 'frame_count' is not defined
2025-02-09 19:29:31,651 [ERROR] POSE_ANALYSIS - Error in process_frame_realtime: name 'frame_count' is not defined
2025-02-09 19:29:31,688 [ERROR] POSE_ANALYSIS - Error in process_frame_realtime: name 'frame_count' is not defined
2025-02-09 19:29:31,726 [ERROR] POSE_ANALYSIS - Error in process_frame_realtime: name 'frame_count' is not defined
2025-02-09 19:29:31,775 [ERROR] POSE_ANALYSIS - Error in process_frame_realtime: name 'frame_count' is not defined
2025-02-09 19:29:31,812 [ERROR] POSE_ANALYSIS - Error in process_frame_realtime: name 'frame_count' is not defined
2025-02-09 19:29:31,849 [ERROR] POSE_ANALYSIS - Error in process_frame_realtime: name 'frame_count' is not defined
2025-02-09 19:29:31,885 [ERROR] POSE_ANALYSIS - Error in process_frame_realtime: name 'frame_count' is not defined
2025-02-09 19:29:31,923 [ERROR] POSE_ANALYSIS - Error in process_frame_realtime: name 'frame_count' is not defined
2025-02-09 19:29:31,960 [ERROR] POSE_ANALYSIS - Error in process_frame_realtime: name 'frame_count' is not defined
2025-02-09 19:29:31,995 [ERROR] POSE_ANALYSIS - Error in process_frame_realtime: name 'frame_count' is not defined
2025-02-09 19:29:32,033 [ERROR] POSE_ANALYSIS - Error in process_frame_realtime: name 'frame_count' is not defined
2025-02-09 19:29:32,070 [ERROR] POSE_ANALYSIS - Error in process_frame_realtime: name 'frame_count' is not defined
2025-02-09 19:29:32,105 [ERROR] POSE_ANALYSIS - Error in process_frame_realtime: name 'frame_count' is not defined
2025-02-09 19:29:32,142 [ERROR] POSE_ANALYSIS - Error in process_frame_realtime: name 'frame_count' is not defined
2025-02-09 19:29:32,178 [ERROR] POSE_ANALYSIS - Error in process_frame_realtime: name 'frame_count' is not defined
2025-02-09 19:29:32,223 [ERROR] POSE_ANALYSIS - Error in process_frame_realtime: name 'frame_count' is not defined
2025-02-09 19:29:32,272 [ERROR] POSE_ANALYSIS - Error in process_frame_realtime: name 'frame_count' is not defined
2025-02-09 19:29:32,309 [ERROR] POSE_ANALYSIS - Error in process_frame_realtime: name 'frame_count' is not defined
2025-02-09 19:29:32,344 [ERROR] POSE_ANALYSIS - Error in process_frame_realtime: name 'frame_count' is not defined
2025-02-09 19:29:32,382 [ERROR] POSE_ANALYSIS - Error in process_frame_realtime: name 'frame_count' is not defined
2025-02-09 19:29:32,395 [INFO] POSE_ANALYSIS - Active threads: ['MainThread', 'ThreadMonitor', 'VideoCapture', 'FrameProcessing', 'BufferCleanup']
2025-02-09 19:29:32,418 [ERROR] POSE_ANALYSIS - Error in process_frame_realtime: name 'frame_count' is not defined
2025-02-09 19:29:32,456 [ERROR] POSE_ANALYSIS - Error in process_frame_realtime: name 'frame_count' is not defined
2025-02-09 19:29:32,501 [ERROR] POSE_ANALYSIS - Error in process_frame_realtime: name 'frame_count' is not defined
2025-02-09 19:29:32,536 [ERROR] POSE_ANALYSIS - Error in process_frame_realtime: name 'frame_count' is not defined
2025-02-09 19:29:32,578 [ERROR] POSE_ANALYSIS - Error in process_frame_realtime: name 'frame_count' is not defined
2025-02-09 19:29:32,615 [ERROR] POSE_ANALYSIS - Error in process_frame_realtime: name 'frame_count' is not defined
2025-02-09 19:29:32,658 [ERROR] POSE_ANALYSIS - Error in process_frame_realtime: name 'frame_count' is not defined
2025-02-09 19:29:32,692 [ERROR] POSE_ANALYSIS - Error in process_frame_realtime: name 'frame_count' is not defined
2025-02-09 19:29:32,734 [ERROR] POSE_ANALYSIS - Error in process_frame_realtime: name 'frame_count' is not defined
2025-02-09 19:29:32,769 [ERROR] POSE_ANALYSIS - Error in process_frame_realtime: name 'frame_count' is not defined
2025-02-09 19:29:32,810 [ERROR] POSE_ANALYSIS - Error in process_frame_realtime: name 'frame_count' is not defined
2025-02-09 19:29:32,851 [ERROR] POSE_ANALYSIS - Error in process_frame_realtime: name 'frame_count' is not defined
2025-02-09 19:29:32,888 [ERROR] POSE_ANALYSIS - Error in process_frame_realtime: name 'frame_count' is not defined
2025-02-09 19:29:32,924 [ERROR] POSE_ANALYSIS - Error in process_frame_realtime: name 'frame_count' is not defined
2025-02-09 19:29:32,983 [ERROR] POSE_ANALYSIS - Error in process_frame_realtime: name 'frame_count' is not defined
2025-02-09 19:29:33,019 [ERROR] POSE_ANALYSIS - Error in process_frame_realtime: name 'frame_count' is not defined
2025-02-09 19:29:33,060 [ERROR] POSE_ANALYSIS - Error in process_frame_realtime: name 'frame_count' is not defined
2025-02-09 19:29:33,098 [ERROR] POSE_ANALYSIS - Error in process_frame_realtime: name 'frame_count' is not defined
2025-02-09 19:29:33,137 [ERROR] POSE_ANALYSIS - Error in process_frame_realtime: name 'frame_count' is not defined
2025-02-09 19:29:33,176 [ERROR] POSE_ANALYSIS - Error in process_frame_realtime: name 'frame_count' is not defined
2025-02-09 19:29:33,215 [ERROR] POSE_ANALYSIS - Error in process_frame_realtime: name 'frame_count' is not defined
2025-02-09 19:29:33,255 [ERROR] POSE_ANALYSIS - Error in process_frame_realtime: name 'frame_count' is not defined
2025-02-09 19:29:33,294 [ERROR] POSE_ANALYSIS - Error in process_frame_realtime: name 'frame_count' is not defined
2025-02-09 19:29:33,335 [ERROR] POSE_ANALYSIS - Error in process_frame_realtime: name 'frame_count' is not defined
2025-02-09 19:29:33,374 [ERROR] POSE_ANALYSIS - Error in process_frame_realtime: name 'frame_count' is not defined
2025-02-09 19:29:33,420 [ERROR] POSE_ANALYSIS - Error in process_frame_realtime: name 'frame_count' is not defined
2025-02-09 19:29:33,469 [ERROR] POSE_ANALYSIS - Error in process_frame_realtime: name 'frame_count' is not defined
2025-02-09 19:29:33,517 [ERROR] POSE_ANALYSIS - Error in process_frame_realtime: name 'frame_count' is not defined
2025-02-09 19:29:33,560 [ERROR] POSE_ANALYSIS - Error in process_frame_realtime: name 'frame_count' is not defined
2025-02-09 19:29:33,604 [ERROR] POSE_ANALYSIS - Error in process_frame_realtime: name 'frame_count' is not defined
2025-02-09 19:29:33,653 [ERROR] POSE_ANALYSIS - Error in process_frame_realtime: name 'frame_count' is not defined
2025-02-09 19:29:33,694 [ERROR] POSE_ANALYSIS - Error in process_frame_realtime: name 'frame_count' is not defined
2025-02-09 19:29:33,733 [ERROR] POSE_ANALYSIS - Error in process_frame_realtime: name 'frame_count' is not defined
2025-02-09 19:29:33,775 [ERROR] POSE_ANALYSIS - Error in process_frame_realtime: name 'frame_count' is not defined
2025-02-09 19:29:33,818 [ERROR] POSE_ANALYSIS - Error in process_frame_realtime: name 'frame_count' is not defined
2025-02-09 19:29:33,858 [ERROR] POSE_ANALYSIS - Error in process_frame_realtime: name 'frame_count' is not defined
2025-02-09 19:29:33,902 [ERROR] POSE_ANALYSIS - Error in process_frame_realtime: name 'frame_count' is not defined
2025-02-09 19:29:33,943 [ERROR] POSE_ANALYSIS - Error in process_frame_realtime: name 'frame_count' is not defined
2025-02-09 19:29:33,988 [ERROR] POSE_ANALYSIS - Error in process_frame_realtime: name 'frame_count' is not defined
2025-02-09 19:29:34,004 [INFO] POSE_ANALYSIS - 停止即時偵測執行緒
2025-02-09 19:29:34,006 [INFO] POSE_ANALYSIS - 畫面處理執行緒已停止
2025-02-09 19:29:34,290 [INFO] POSE_ANALYSIS - 攝像頭執行緒已正常停止
2025-02-09 19:29:37,404 [INFO] POSE_ANALYSIS - Active threads: ['MainThread', 'ThreadMonitor', 'BufferCleanup']
2025-02-09 19:29:42,397 [INFO] POSE_ANALYSIS - Active threads: ['MainThread', 'ThreadMonitor', 'BufferCleanup']
